2024-01-28 20:10:20,468 : INFO : arguments 164 : __Using device list from Aruba Central event filter {'device_type': 'ACCESS POINT', 'sort': '-timestamp', 'event_type': 'AP Exception', 'from_timestamp': 1701385200}
2024-01-28 20:10:20,470 : INFO : arguments 176 : __Debug commands: {'device_type': 'IAP', 'commands': [{'command_id': 115, 'arguments': [{'name': '', 'value': ''}]}]}
2024-01-28 20:10:20,471 : INFO : arguments 184 : __Output Event file is {'filename': 'event_list.txt', 'directory': 'test_data'}
2024-01-28 20:10:20,472 : INFO : arguments 195 : Validating Input Customer Dict...
2024-01-28 20:15:41,383 : INFO : arguments 166 : __Using device list from Aruba Central event filter {'device_type': 'ACCESS POINT', 'sort': '-timestamp', 'event_type': 'AP Exception', 'from_timestamp': 1701385200}
2024-01-28 20:15:41,385 : INFO : arguments 178 : __Debug commands: {'device_type': 'IAP', 'commands': [{'command_id': 115, 'arguments': [{'name': '', 'value': ''}]}]}
2024-01-28 20:15:41,385 : INFO : arguments 186 : __Output Event file is {'filename': 'event_list.txt', 'directory': 'test_data'}
2024-01-28 20:15:41,386 : INFO : arguments 197 : Validating Input Customer Dict...
2024-01-28 20:35:42,731 : INFO : arguments 166 : __Using device list from Aruba Central event filter {'device_type': 'ACCESS POINT', 'sort': '-timestamp', 'event_type': 'AP Exception', 'from_timestamp': 1701385200}
2024-01-28 20:35:42,732 : INFO : arguments 178 : __Debug commands: {'device_type': 'IAP', 'commands': [{'command_id': 115, 'arguments': [{'name': '', 'value': ''}]}]}
2024-01-28 20:35:42,733 : INFO : arguments 186 : __Output Event file is {'filename': 'event_list.txt', 'directory': 'test_data'}
2024-01-28 20:35:42,733 : INFO : arguments 197 : Validating Input Customer Dict...
2024-01-28 20:35:59,865 : INFO : arguments 135 : Wrong debug level 20. Using INFO instead.
2024-01-28 20:35:59,866 : INFO : arguments 166 : __Using device list from Aruba Central event filter {'device_type': 'ACCESS POINT', 'sort': '-timestamp', 'event_type': 'AP Exception', 'from_timestamp': 1701385200}
2024-01-28 20:35:59,868 : INFO : arguments 178 : __Debug commands: {'device_type': 'IAP', 'commands': [{'command_id': 115, 'arguments': [{'name': '', 'value': ''}]}, {'command_id': 34, 'arguments': [{'name': '', 'value': ''}]}]}
2024-01-28 20:35:59,869 : INFO : arguments 186 : __Output Event file is {'filename': 'event_list.txt', 'directory': 'data/'}
2024-01-28 20:35:59,869 : INFO : arguments 197 : Validating Input Customer Dict...
2024-01-28 20:35:59,870 : INFO : base 465 : Loaded token from storage from file: token\tok_58aeca167c4811ed957ab6cd43cbf282_n5ultU0woilB3hMUc5dvCbctEDQyu2D6.json
2024-01-28 20:41:14,817 : INFO : arguments 135 : Wrong debug level 20. Using INFO instead.
2024-01-28 20:41:14,817 : INFO : arguments 166 : __Using device list from Aruba Central event filter {'device_type': 'ACCESS POINT', 'sort': '-timestamp', 'event_type': 'AP Exception', 'from_timestamp': 1701385200}
2024-01-28 20:41:14,819 : INFO : arguments 178 : __Debug commands: {'device_type': 'IAP', 'commands': [{'command_id': 115, 'arguments': [{'name': '', 'value': ''}]}, {'command_id': 34, 'arguments': [{'name': '', 'value': ''}]}]}
2024-01-28 20:41:14,820 : INFO : arguments 186 : __Output Event file is {'filename': 'event_list.txt', 'directory': 'data/'}
2024-01-28 20:41:14,820 : INFO : arguments 197 : Validating Input Customer Dict...
2024-01-28 20:41:14,820 : INFO : base 465 : Loaded token from storage from file: token\tok_58aeca167c4811ed957ab6cd43cbf282_n5ultU0woilB3hMUc5dvCbctEDQyu2D6.json
2024-01-28 20:49:50,654 : INFO : arguments 135 : Wrong debug level 20. Using INFO instead.
2024-01-28 20:49:50,655 : INFO : arguments 166 : __Using device list from Aruba Central event filter {'device_type': 'ACCESS POINT', 'sort': '-timestamp', 'event_type': 'AP Exception', 'from_timestamp': 1701385200}
2024-01-28 20:49:50,657 : INFO : arguments 178 : __Debug commands: {'device_type': 'IAP', 'commands': [{'command_id': 115, 'arguments': [{'name': '', 'value': ''}]}, {'command_id': 34, 'arguments': [{'name': '', 'value': ''}]}]}
2024-01-28 20:49:50,658 : INFO : arguments 186 : __Output Event file is {'filename': 'event_list.txt', 'directory': 'data/'}
2024-01-28 20:49:50,658 : INFO : arguments 197 : Validating Input Customer Dict...
2024-01-28 20:49:50,658 : INFO : base 465 : Loaded token from storage from file: token\tok_58aeca167c4811ed957ab6cd43cbf282_n5ultU0woilB3hMUc5dvCbctEDQyu2D6.json
2024-01-28 20:51:30,470 : INFO : arguments 135 : Wrong debug level 20. Using INFO instead.
2024-01-28 20:51:30,471 : INFO : arguments 166 : __Using device list from Aruba Central event filter {'device_type': 'ACCESS POINT', 'sort': '-timestamp', 'event_type': 'AP Exception', 'from_timestamp': 1701385200}
2024-01-28 20:51:30,472 : INFO : arguments 178 : __Debug commands: {'device_type': 'IAP', 'commands': [{'command_id': 115, 'arguments': [{'name': '', 'value': ''}]}, {'command_id': 34, 'arguments': [{'name': '', 'value': ''}]}]}
2024-01-28 20:51:30,473 : INFO : arguments 186 : __Output Event file is {'filename': 'event_list.txt', 'directory': 'data/'}
2024-01-28 20:51:30,473 : INFO : arguments 197 : Validating Input Customer Dict...
2024-01-28 20:51:30,474 : INFO : base 465 : Loaded token from storage from file: token\tok_58aeca167c4811ed957ab6cd43cbf282_n5ultU0woilB3hMUc5dvCbctEDQyu2D6.json
2024-01-28 21:05:56,486 : INFO : arguments 135 : Wrong debug level 20. Using INFO instead.
2024-01-28 21:05:56,486 : INFO : arguments 166 : __Using device list from Aruba Central event filter {'device_type': 'ACCESS POINT', 'sort': '-timestamp', 'event_type': 'AP Exception', 'from_timestamp': 1701385200}
2024-01-28 21:05:56,488 : INFO : arguments 178 : __Debug commands: {'device_type': 'IAP', 'commands': [{'command_id': 115, 'arguments': [{'name': '', 'value': ''}]}, {'command_id': 34, 'arguments': [{'name': '', 'value': ''}]}]}
2024-01-28 21:05:56,489 : INFO : arguments 186 : __Output Event file is {'filename': 'event_list.txt', 'directory': 'data/'}
2024-01-28 21:05:56,489 : INFO : arguments 197 : Validating Input Customer Dict...
2024-01-28 21:05:56,490 : INFO : base 465 : Loaded token from storage from file: token\tok_58aeca167c4811ed957ab6cd43cbf282_n5ultU0woilB3hMUc5dvCbctEDQyu2D6.json
2024-01-28 21:05:57,022 : ERROR : base 631 : Received error 401 on requesting url https://apigw-eucentral3.central.arubanetworks.com/monitoring/v2/events?device_type=ACCESS+POINT&sort=-timestamp&event_type=AP+Exception&from_timestamp=1701385200 with resp {"error_description":"The access token is invalid or has expired","error":"invalid_token"}

2024-01-28 21:05:57,022 : INFO : base 484 : Handling Token Expiry...
2024-01-28 21:05:59,482 : INFO : base 487 : Expired access token refreshed!
2024-01-28 21:05:59,484 : INFO : base 436 : Stored Aruba Central token in file token\tok_58aeca167c4811ed957ab6cd43cbf282_n5ultU0woilB3hMUc5dvCbctEDQyu2D6.json
